Transactions in the MemPool: 

Txn: f15319f4d38e8b5b59799bdb13675397c4a5a2e4a760576fafded0dbf7f2635b
Sent from: 04111d6a45ac1fb90508907a7abcd6877649df662f3b3e2741302df6f78416824a0696911c478eaffbb90d48dbff065952f070008996daca4ca9a111d42108e9d0
To: 04d7ec238cd058837f44315fb8db2134f01daea15c10320c9173e7d5f68ff2d9d0ef2379ac378b3cd6456c61ce6b5e404113347792d55d4ce74f6817f6b4399b1b
Amount of 1 SupaCoins, Timestamp: 1657720048411
Txn: c96ead22ea015c06ed154b6ee8de16126a6a4e624e7175f9659ba50514914f4d
Sent from: 04111d6a45ac1fb90508907a7abcd6877649df662f3b3e2741302df6f78416824a0696911c478eaffbb90d48dbff065952f070008996daca4ca9a111d42108e9d0
To: 0x000000000000000000000000000000000000dead
Amount of 2 SupaCoins, Timestamp: 1657720048419
Txn: 9eb58af39843a5abd6f4a4ca21e619fe5d975e3a3e64f0998c5751d9f695c9b7
Sent from: 04111d6a45ac1fb90508907a7abcd6877649df662f3b3e2741302df6f78416824a0696911c478eaffbb90d48dbff065952f070008996daca4ca9a111d42108e9d0
To: 04b8f552c4a991a5dfbee766647d1ccf5812a177e7a2d742debc61219e435ea9af1936602d4679f532ff64891ab611be5ed491bc9619bd21e07748bdd80e86843e
Amount of 1 SupaCoins, Timestamp: 1657720048422
Txn: db1dce543686bcd2762653eb917597469d9f79693380580da30c40d81011558c
Sent from: 04111d6a45ac1fb90508907a7abcd6877649df662f3b3e2741302df6f78416824a0696911c478eaffbb90d48dbff065952f070008996daca4ca9a111d42108e9d0
To: 0x000000000000000000000000000000000000dead
Amount of 2 SupaCoins, Timestamp: 1657720048431
Txn: c56850713bb4422dfec8c20ca8a964c816417cb47ba443cf06a345fc0e93a61c
Sent from: 04111d6a45ac1fb90508907a7abcd6877649df662f3b3e2741302df6f78416824a0696911c478eaffbb90d48dbff065952f070008996daca4ca9a111d42108e9d0
To: 04d7ec238cd058837f44315fb8db2134f01daea15c10320c9173e7d5f68ff2d9d0ef2379ac378b3cd6456c61ce6b5e404113347792d55d4ce74f6817f6b4399b1b
Amount of 1 SupaCoins, Timestamp: 1657720048434
Txn: d9a9816ed76a01177e9780213774c6a752faa46551a9123a407c9a1623de3ad0
Sent from: 04111d6a45ac1fb90508907a7abcd6877649df662f3b3e2741302df6f78416824a0696911c478eaffbb90d48dbff065952f070008996daca4ca9a111d42108e9d0
To: 0x000000000000000000000000000000000000dead
Amount of 2 SupaCoins, Timestamp: 1657720048446
Txn: 8145ceabcfb381a90c959a476ed4f7795eb7e7a5e3895017bce0a19dafc498c0
Sent from: 04111d6a45ac1fb90508907a7abcd6877649df662f3b3e2741302df6f78416824a0696911c478eaffbb90d48dbff065952f070008996daca4ca9a111d42108e9d0
To: 04b8f552c4a991a5dfbee766647d1ccf5812a177e7a2d742debc61219e435ea9af1936602d4679f532ff64891ab611be5ed491bc9619bd21e07748bdd80e86843e
Amount of 1 SupaCoins, Timestamp: 1657720048447
Txn: 8fc4e2963fc4171f8d3ceb6cb1325303970b81431994696b7b1657c1eafb612c
Sent from: 04111d6a45ac1fb90508907a7abcd6877649df662f3b3e2741302df6f78416824a0696911c478eaffbb90d48dbff065952f070008996daca4ca9a111d42108e9d0
To: 0x000000000000000000000000000000000000dead
Amount of 2 SupaCoins, Timestamp: 1657720048453
Txn: 7ac7ff54117b616ea4724299891f3b5a6af63afbc519d00b46cd01fa43eb3134
Sent from: 04111d6a45ac1fb90508907a7abcd6877649df662f3b3e2741302df6f78416824a0696911c478eaffbb90d48dbff065952f070008996daca4ca9a111d42108e9d0
To: 04d7ec238cd058837f44315fb8db2134f01daea15c10320c9173e7d5f68ff2d9d0ef2379ac378b3cd6456c61ce6b5e404113347792d55d4ce74f6817f6b4399b1b
Amount of 1 SupaCoins, Timestamp: 1657720048457
Txn: cb9e55810ef803f51bf7f7619727f911f1f91bef920874bc7fee9ea3f0ceeec5
Sent from: 04111d6a45ac1fb90508907a7abcd6877649df662f3b3e2741302df6f78416824a0696911c478eaffbb90d48dbff065952f070008996daca4ca9a111d42108e9d0
To: 0x000000000000000000000000000000000000dead
Amount of 2 SupaCoins, Timestamp: 1657720048472
Txn: be2e168d91da7b15af783f7f1d90ffef05962459e2dfad97569c90e36c9effa7
Sent from: 04111d6a45ac1fb90508907a7abcd6877649df662f3b3e2741302df6f78416824a0696911c478eaffbb90d48dbff065952f070008996daca4ca9a111d42108e9d0
To: 04b8f552c4a991a5dfbee766647d1ccf5812a177e7a2d742debc61219e435ea9af1936602d4679f532ff64891ab611be5ed491bc9619bd21e07748bdd80e86843e
Amount of 1 SupaCoins, Timestamp: 1657720048476
Txn: 7e89c900574f79e33fbb8cce5fae569908d7edace1c88efcbb64f6105bd3c213
Sent from: 04111d6a45ac1fb90508907a7abcd6877649df662f3b3e2741302df6f78416824a0696911c478eaffbb90d48dbff065952f070008996daca4ca9a111d42108e9d0
To: 0x000000000000000000000000000000000000dead
Amount of 2 SupaCoins, Timestamp: 1657720048486
Txn: 97fbfa0727085b69b27eebccb1a2edeb9ef5468e29023b08a408c404f7e0027e
Sent from: 04111d6a45ac1fb90508907a7abcd6877649df662f3b3e2741302df6f78416824a0696911c478eaffbb90d48dbff065952f070008996daca4ca9a111d42108e9d0
To: 04d7ec238cd058837f44315fb8db2134f01daea15c10320c9173e7d5f68ff2d9d0ef2379ac378b3cd6456c61ce6b5e404113347792d55d4ce74f6817f6b4399b1b
Amount of 1 SupaCoins, Timestamp: 1657720048487
Txn: 7f96e2d3c05af7a4fb93f1d6369921de77634db2072ca7a38133852a3e98c1b6
Sent from: 04111d6a45ac1fb90508907a7abcd6877649df662f3b3e2741302df6f78416824a0696911c478eaffbb90d48dbff065952f070008996daca4ca9a111d42108e9d0
To: 0x000000000000000000000000000000000000dead
Amount of 2 SupaCoins, Timestamp: 1657720048493
Txn: ef38a9a8ba81284b84b71803ebfc6dbd29c87d3ee707820b3b9f65b5aa580592
Sent from: 04111d6a45ac1fb90508907a7abcd6877649df662f3b3e2741302df6f78416824a0696911c478eaffbb90d48dbff065952f070008996daca4ca9a111d42108e9d0
To: 04b8f552c4a991a5dfbee766647d1ccf5812a177e7a2d742debc61219e435ea9af1936602d4679f532ff64891ab611be5ed491bc9619bd21e07748bdd80e86843e
Amount of 1 SupaCoins, Timestamp: 1657720048495
Txn: 67fcc7aa0720da9e101706173cdf2589fb586d9663ba4b74c80341801c30b5ce
Sent from: 04111d6a45ac1fb90508907a7abcd6877649df662f3b3e2741302df6f78416824a0696911c478eaffbb90d48dbff065952f070008996daca4ca9a111d42108e9d0
To: 0x000000000000000000000000000000000000dead
Amount of 2 SupaCoins, Timestamp: 1657720048498
Txn: a567e9761e08c12b8dbf554c67037a43e94d742a7f96fb09ba847ccab6949849
Sent from: 04111d6a45ac1fb90508907a7abcd6877649df662f3b3e2741302df6f78416824a0696911c478eaffbb90d48dbff065952f070008996daca4ca9a111d42108e9d0
To: 04d7ec238cd058837f44315fb8db2134f01daea15c10320c9173e7d5f68ff2d9d0ef2379ac378b3cd6456c61ce6b5e404113347792d55d4ce74f6817f6b4399b1b
Amount of 1 SupaCoins, Timestamp: 1657720048499
Txn: f931c257fe7d27fd94da551063ab8390ec167e16163af6b34a232ad4a7d90e03
Sent from: 04111d6a45ac1fb90508907a7abcd6877649df662f3b3e2741302df6f78416824a0696911c478eaffbb90d48dbff065952f070008996daca4ca9a111d42108e9d0
To: 0x000000000000000000000000000000000000dead
Amount of 2 SupaCoins, Timestamp: 1657720048506
Txn: 11a7531362f597b778f2556f0b94091d75278738c95f4f9ca3a236c5cc39abbf
Sent from: 04111d6a45ac1fb90508907a7abcd6877649df662f3b3e2741302df6f78416824a0696911c478eaffbb90d48dbff065952f070008996daca4ca9a111d42108e9d0
To: 04b8f552c4a991a5dfbee766647d1ccf5812a177e7a2d742debc61219e435ea9af1936602d4679f532ff64891ab611be5ed491bc9619bd21e07748bdd80e86843e
Amount of 1 SupaCoins, Timestamp: 1657720048507
Txn: e8e30b57994132228cdab85184c2fedfd799204c62ad6067c1628e1949b4e4f3
Sent from: 04111d6a45ac1fb90508907a7abcd6877649df662f3b3e2741302df6f78416824a0696911c478eaffbb90d48dbff065952f070008996daca4ca9a111d42108e9d0
To: 0x000000000000000000000000000000000000dead
Amount of 2 SupaCoins, Timestamp: 1657720048512
Txn: a102bc4a936f0ba654264f735bce5374329546f9ff18fdfd09028d6ac77ad08f
Sent from: 04111d6a45ac1fb90508907a7abcd6877649df662f3b3e2741302df6f78416824a0696911c478eaffbb90d48dbff065952f070008996daca4ca9a111d42108e9d0
To: 04d7ec238cd058837f44315fb8db2134f01daea15c10320c9173e7d5f68ff2d9d0ef2379ac378b3cd6456c61ce6b5e404113347792d55d4ce74f6817f6b4399b1b
Amount of 1 SupaCoins, Timestamp: 1657720048513
Txn: 9fd5582cea661364ea9afa90c9a090444189a639a8806b8f13943cf8177ba0e9
Sent from: 04111d6a45ac1fb90508907a7abcd6877649df662f3b3e2741302df6f78416824a0696911c478eaffbb90d48dbff065952f070008996daca4ca9a111d42108e9d0
To: 0x000000000000000000000000000000000000dead
Amount of 2 SupaCoins, Timestamp: 1657720048517
Txn: e76f38db378690cf219522c8b800d2ff307cc93c14159015aa62508261727ed0
Sent from: 04111d6a45ac1fb90508907a7abcd6877649df662f3b3e2741302df6f78416824a0696911c478eaffbb90d48dbff065952f070008996daca4ca9a111d42108e9d0
To: 04b8f552c4a991a5dfbee766647d1ccf5812a177e7a2d742debc61219e435ea9af1936602d4679f532ff64891ab611be5ed491bc9619bd21e07748bdd80e86843e
Amount of 1 SupaCoins, Timestamp: 1657720048518
Txn: f534c485ce7c48e8e114f5090a09624000f038b43eb6392f6967c9cbdfa5df2a
Sent from: 04111d6a45ac1fb90508907a7abcd6877649df662f3b3e2741302df6f78416824a0696911c478eaffbb90d48dbff065952f070008996daca4ca9a111d42108e9d0
To: 0x000000000000000000000000000000000000dead
Amount of 2 SupaCoins, Timestamp: 1657720048520
Txn: 6565ba2987e6d9ed3a3109954b668b1384c33fde848e27255efc9ec23b6ce308
Sent from: 04111d6a45ac1fb90508907a7abcd6877649df662f3b3e2741302df6f78416824a0696911c478eaffbb90d48dbff065952f070008996daca4ca9a111d42108e9d0
To: 04d7ec238cd058837f44315fb8db2134f01daea15c10320c9173e7d5f68ff2d9d0ef2379ac378b3cd6456c61ce6b5e404113347792d55d4ce74f6817f6b4399b1b
Amount of 1 SupaCoins, Timestamp: 1657720048521
Txn: b1c01c870fbc41213dc7ff80960af3877ea31e461ddb6981abbf06e9e8133c6d
Sent from: 04111d6a45ac1fb90508907a7abcd6877649df662f3b3e2741302df6f78416824a0696911c478eaffbb90d48dbff065952f070008996daca4ca9a111d42108e9d0
To: 0x000000000000000000000000000000000000dead
Amount of 2 SupaCoins, Timestamp: 1657720048526
Txn: 7a15d131d3c1baa80ce1e18ec754164313a8c0a2472969d8bded31732e0e764f
Sent from: 04111d6a45ac1fb90508907a7abcd6877649df662f3b3e2741302df6f78416824a0696911c478eaffbb90d48dbff065952f070008996daca4ca9a111d42108e9d0
To: 04b8f552c4a991a5dfbee766647d1ccf5812a177e7a2d742debc61219e435ea9af1936602d4679f532ff64891ab611be5ed491bc9619bd21e07748bdd80e86843e
Amount of 1 SupaCoins, Timestamp: 1657720048527
Txn: c9bbabdf5d16bdd5a71ec8089429685985e032384e8dc76f108bc692ac49c689
Sent from: 04111d6a45ac1fb90508907a7abcd6877649df662f3b3e2741302df6f78416824a0696911c478eaffbb90d48dbff065952f070008996daca4ca9a111d42108e9d0
To: 0x000000000000000000000000000000000000dead
Amount of 2 SupaCoins, Timestamp: 1657720048529
Txn: 6fa1dd3b88ec5f36ab1da1e2c3f0b1909199f8eeeb49427dcbd56d698f763682
Sent from: 04111d6a45ac1fb90508907a7abcd6877649df662f3b3e2741302df6f78416824a0696911c478eaffbb90d48dbff065952f070008996daca4ca9a111d42108e9d0
To: 04d7ec238cd058837f44315fb8db2134f01daea15c10320c9173e7d5f68ff2d9d0ef2379ac378b3cd6456c61ce6b5e404113347792d55d4ce74f6817f6b4399b1b
Amount of 1 SupaCoins, Timestamp: 1657720048530
Txn: a43e2f0011e0a723e747b3aa2806702fbd280592bc4960a2309b69e0fcd847ae
Sent from: 04111d6a45ac1fb90508907a7abcd6877649df662f3b3e2741302df6f78416824a0696911c478eaffbb90d48dbff065952f070008996daca4ca9a111d42108e9d0
To: 0x000000000000000000000000000000000000dead
Amount of 2 SupaCoins, Timestamp: 1657720048535
Txn: 1694124c413231953064dad6e123e3c9450fd0327f53e53b1dbcbad4fbb1f571
Sent from: 04111d6a45ac1fb90508907a7abcd6877649df662f3b3e2741302df6f78416824a0696911c478eaffbb90d48dbff065952f070008996daca4ca9a111d42108e9d0
To: 04b8f552c4a991a5dfbee766647d1ccf5812a177e7a2d742debc61219e435ea9af1936602d4679f532ff64891ab611be5ed491bc9619bd21e07748bdd80e86843e
Amount of 1 SupaCoins, Timestamp: 1657720048536
Txn: 0a7f83482c18cd5979070d4448319ec7ec8f02b935327843e5b95500a5767276
Sent from: 04111d6a45ac1fb90508907a7abcd6877649df662f3b3e2741302df6f78416824a0696911c478eaffbb90d48dbff065952f070008996daca4ca9a111d42108e9d0
To: 0x000000000000000000000000000000000000dead
Amount of 2 SupaCoins, Timestamp: 1657720048540
Txn: 350d8687a62ccfc13a7fa898cdf52f600d4e6a72ffa31cd56b6b8e5fca37d5e0
Sent from: 04111d6a45ac1fb90508907a7abcd6877649df662f3b3e2741302df6f78416824a0696911c478eaffbb90d48dbff065952f070008996daca4ca9a111d42108e9d0
To: 04d7ec238cd058837f44315fb8db2134f01daea15c10320c9173e7d5f68ff2d9d0ef2379ac378b3cd6456c61ce6b5e404113347792d55d4ce74f6817f6b4399b1b
Amount of 1 SupaCoins, Timestamp: 1657720048541
Txn: 6fa6718603060171c4a146b1d9957cb3092dcec53daf10aa6adc31e03a4d4da7
Sent from: 04111d6a45ac1fb90508907a7abcd6877649df662f3b3e2741302df6f78416824a0696911c478eaffbb90d48dbff065952f070008996daca4ca9a111d42108e9d0
To: 0x000000000000000000000000000000000000dead
Amount of 2 SupaCoins, Timestamp: 1657720048543
Txn: 8f08dbc6fd5b80d84811e8184bd951c6c3d2eba7d780aa040a9d58a8940b43c1
Sent from: 04111d6a45ac1fb90508907a7abcd6877649df662f3b3e2741302df6f78416824a0696911c478eaffbb90d48dbff065952f070008996daca4ca9a111d42108e9d0
To: 04b8f552c4a991a5dfbee766647d1ccf5812a177e7a2d742debc61219e435ea9af1936602d4679f532ff64891ab611be5ed491bc9619bd21e07748bdd80e86843e
Amount of 1 SupaCoins, Timestamp: 1657720048545
Txn: dee3b12fa3502986f6583fd396cff9d08f55eac261e990ebbde6c15c510136dc
Sent from: 04111d6a45ac1fb90508907a7abcd6877649df662f3b3e2741302df6f78416824a0696911c478eaffbb90d48dbff065952f070008996daca4ca9a111d42108e9d0
To: 0x000000000000000000000000000000000000dead
Amount of 2 SupaCoins, Timestamp: 1657720048548
Txn: a242e2814c3d603955ae83d0acff877cdaeaf00c82a6f6b848a32bd9ef588e87
Sent from: 04111d6a45ac1fb90508907a7abcd6877649df662f3b3e2741302df6f78416824a0696911c478eaffbb90d48dbff065952f070008996daca4ca9a111d42108e9d0
To: 04d7ec238cd058837f44315fb8db2134f01daea15c10320c9173e7d5f68ff2d9d0ef2379ac378b3cd6456c61ce6b5e404113347792d55d4ce74f6817f6b4399b1b
Amount of 1 SupaCoins, Timestamp: 1657720048549
Txn: aecb05fa94d705c8e79549001d45fb3f2f1edafda8f23d2fd6f8d54fc6457242
Sent from: 04111d6a45ac1fb90508907a7abcd6877649df662f3b3e2741302df6f78416824a0696911c478eaffbb90d48dbff065952f070008996daca4ca9a111d42108e9d0
To: 0x000000000000000000000000000000000000dead
Amount of 2 SupaCoins, Timestamp: 1657720048552
Txn: d5f879a5c753501b1cf695a21209ae861133cd8f7a008a77bb59822d44b82f93
Sent from: 04111d6a45ac1fb90508907a7abcd6877649df662f3b3e2741302df6f78416824a0696911c478eaffbb90d48dbff065952f070008996daca4ca9a111d42108e9d0
To: 04b8f552c4a991a5dfbee766647d1ccf5812a177e7a2d742debc61219e435ea9af1936602d4679f532ff64891ab611be5ed491bc9619bd21e07748bdd80e86843e
Amount of 1 SupaCoins, Timestamp: 1657720048554
Txn: fa51759f2128ff062e700c3ae1c26b7a307d8df95cabc728db102344c8e5f1d2
Sent from: 04111d6a45ac1fb90508907a7abcd6877649df662f3b3e2741302df6f78416824a0696911c478eaffbb90d48dbff065952f070008996daca4ca9a111d42108e9d0
To: 0x000000000000000000000000000000000000dead
Amount of 2 SupaCoins, Timestamp: 1657720048556
Txn: 25b09dafb480c75133748443012f7e999212f63f43eebeb8b07c903b50bb735f
Sent from: 04111d6a45ac1fb90508907a7abcd6877649df662f3b3e2741302df6f78416824a0696911c478eaffbb90d48dbff065952f070008996daca4ca9a111d42108e9d0
To: 04d7ec238cd058837f44315fb8db2134f01daea15c10320c9173e7d5f68ff2d9d0ef2379ac378b3cd6456c61ce6b5e404113347792d55d4ce74f6817f6b4399b1b
Amount of 1 SupaCoins, Timestamp: 1657720048558
Txn: 856c42699a64536c0476d00a31289f1918edd04b4db28af429bc7de128061ded
Sent from: 04111d6a45ac1fb90508907a7abcd6877649df662f3b3e2741302df6f78416824a0696911c478eaffbb90d48dbff065952f070008996daca4ca9a111d42108e9d0
To: 0x000000000000000000000000000000000000dead
Amount of 2 SupaCoins, Timestamp: 1657720048561
Txn: b983c74cdb640a638bc9fde10b265ded007bdda03f77f23ccef5e7d164cee06f
Sent from: 04111d6a45ac1fb90508907a7abcd6877649df662f3b3e2741302df6f78416824a0696911c478eaffbb90d48dbff065952f070008996daca4ca9a111d42108e9d0
To: 04b8f552c4a991a5dfbee766647d1ccf5812a177e7a2d742debc61219e435ea9af1936602d4679f532ff64891ab611be5ed491bc9619bd21e07748bdd80e86843e
Amount of 1 SupaCoins, Timestamp: 1657720048561
Txn: bf9ea75186e4f80a391c1ae7009210dea9445d4f1fd92e859df12498057a8ae6
Sent from: 04111d6a45ac1fb90508907a7abcd6877649df662f3b3e2741302df6f78416824a0696911c478eaffbb90d48dbff065952f070008996daca4ca9a111d42108e9d0
To: 0x000000000000000000000000000000000000dead
Amount of 2 SupaCoins, Timestamp: 1657720048566
Txn: ffb72cc9d6ea134be1028304f106e8c513ef707e8cbb87496c964e1271a516a2
Sent from: 04111d6a45ac1fb90508907a7abcd6877649df662f3b3e2741302df6f78416824a0696911c478eaffbb90d48dbff065952f070008996daca4ca9a111d42108e9d0
To: 04d7ec238cd058837f44315fb8db2134f01daea15c10320c9173e7d5f68ff2d9d0ef2379ac378b3cd6456c61ce6b5e404113347792d55d4ce74f6817f6b4399b1b
Amount of 1 SupaCoins, Timestamp: 1657720048567
Txn: 2bc0b9ae46825873fd133cb6982346fee5453b6e9bcc7bcd74fd5683517df9df
Sent from: 04111d6a45ac1fb90508907a7abcd6877649df662f3b3e2741302df6f78416824a0696911c478eaffbb90d48dbff065952f070008996daca4ca9a111d42108e9d0
To: 0x000000000000000000000000000000000000dead
Amount of 2 SupaCoins, Timestamp: 1657720048569
Txn: 1e7c1e1e5587c214f2d00865b77db0e753ed25bee3dce03986eb3c69127ceb8f
Sent from: 04111d6a45ac1fb90508907a7abcd6877649df662f3b3e2741302df6f78416824a0696911c478eaffbb90d48dbff065952f070008996daca4ca9a111d42108e9d0
To: 04b8f552c4a991a5dfbee766647d1ccf5812a177e7a2d742debc61219e435ea9af1936602d4679f532ff64891ab611be5ed491bc9619bd21e07748bdd80e86843e
Amount of 1 SupaCoins, Timestamp: 1657720048571
Txn: c2244fd17406134b8c34909c5201684f5733f9b016281389543ede6098ea8bf0
Sent from: 04111d6a45ac1fb90508907a7abcd6877649df662f3b3e2741302df6f78416824a0696911c478eaffbb90d48dbff065952f070008996daca4ca9a111d42108e9d0
To: 0x000000000000000000000000000000000000dead
Amount of 2 SupaCoins, Timestamp: 1657720048574
Txn: 50640d6287b1804b1421bf5393712d5daffa967f5117c5c69b388a2ef5b96433
Sent from: 04111d6a45ac1fb90508907a7abcd6877649df662f3b3e2741302df6f78416824a0696911c478eaffbb90d48dbff065952f070008996daca4ca9a111d42108e9d0
To: 04d7ec238cd058837f44315fb8db2134f01daea15c10320c9173e7d5f68ff2d9d0ef2379ac378b3cd6456c61ce6b5e404113347792d55d4ce74f6817f6b4399b1b
Amount of 1 SupaCoins, Timestamp: 1657720048576
Txn: 5d1f8aa681dccfbd2734d380b3dfe375ff2dd46c3eba87b8c7d2406d8d60527c
Sent from: 04111d6a45ac1fb90508907a7abcd6877649df662f3b3e2741302df6f78416824a0696911c478eaffbb90d48dbff065952f070008996daca4ca9a111d42108e9d0
To: 0x000000000000000000000000000000000000dead
Amount of 2 SupaCoins, Timestamp: 1657720048579
Txn: a7340a002ca3a010f4b704365b7ca1a937dba7426bf6daf8b373b9af1bc3f337
Sent from: 04111d6a45ac1fb90508907a7abcd6877649df662f3b3e2741302df6f78416824a0696911c478eaffbb90d48dbff065952f070008996daca4ca9a111d42108e9d0
To: 04b8f552c4a991a5dfbee766647d1ccf5812a177e7a2d742debc61219e435ea9af1936602d4679f532ff64891ab611be5ed491bc9619bd21e07748bdd80e86843e
Amount of 1 SupaCoins, Timestamp: 1657720048579
Txn: 69677851e2d2d7fc3066d23d1e12f50f3e54a8da280cc151227bfa02d4ab1d65
Sent from: 04111d6a45ac1fb90508907a7abcd6877649df662f3b3e2741302df6f78416824a0696911c478eaffbb90d48dbff065952f070008996daca4ca9a111d42108e9d0
To: 0x000000000000000000000000000000000000dead
Amount of 2 SupaCoins, Timestamp: 1657720048583
Txn: c252c77c754ec26889598ef18a9321828d996eb8f9101e40739b944f32a70346
Sent from: 04111d6a45ac1fb90508907a7abcd6877649df662f3b3e2741302df6f78416824a0696911c478eaffbb90d48dbff065952f070008996daca4ca9a111d42108e9d0
To: 04d7ec238cd058837f44315fb8db2134f01daea15c10320c9173e7d5f68ff2d9d0ef2379ac378b3cd6456c61ce6b5e404113347792d55d4ce74f6817f6b4399b1b
Amount of 1 SupaCoins, Timestamp: 1657720048584
Txn: 335874433ef343f0dc1c51cd83203ee117e62e5e54e8b9dc75d68383f061aba2
Sent from: 04111d6a45ac1fb90508907a7abcd6877649df662f3b3e2741302df6f78416824a0696911c478eaffbb90d48dbff065952f070008996daca4ca9a111d42108e9d0
To: 0x000000000000000000000000000000000000dead
Amount of 2 SupaCoins, Timestamp: 1657720048588
Txn: bc75471c621db3d035a5d15826e976ca6433c1e7bfb8f809f96d16d0aeb84336
Sent from: 04111d6a45ac1fb90508907a7abcd6877649df662f3b3e2741302df6f78416824a0696911c478eaffbb90d48dbff065952f070008996daca4ca9a111d42108e9d0
To: 04b8f552c4a991a5dfbee766647d1ccf5812a177e7a2d742debc61219e435ea9af1936602d4679f532ff64891ab611be5ed491bc9619bd21e07748bdd80e86843e
Amount of 1 SupaCoins, Timestamp: 1657720048589
Txn: eb229c2a3b25197550de4e672795575d67863c034cb46d257f3132b98cc6a1e9
Sent from: 04111d6a45ac1fb90508907a7abcd6877649df662f3b3e2741302df6f78416824a0696911c478eaffbb90d48dbff065952f070008996daca4ca9a111d42108e9d0
To: 0x000000000000000000000000000000000000dead
Amount of 2 SupaCoins, Timestamp: 1657720048593
Txn: af878266634d805b135b4b1960f6e7ca72ef0d91c9d867aa2d84339087b2cc7c
Sent from: 04111d6a45ac1fb90508907a7abcd6877649df662f3b3e2741302df6f78416824a0696911c478eaffbb90d48dbff065952f070008996daca4ca9a111d42108e9d0
To: 04d7ec238cd058837f44315fb8db2134f01daea15c10320c9173e7d5f68ff2d9d0ef2379ac378b3cd6456c61ce6b5e404113347792d55d4ce74f6817f6b4399b1b
Amount of 1 SupaCoins, Timestamp: 1657720048594
Txn: 4763d984c976e7f4b8a6f99297d717829b37560945bf86e51bee1a5f82b79795
Sent from: 04111d6a45ac1fb90508907a7abcd6877649df662f3b3e2741302df6f78416824a0696911c478eaffbb90d48dbff065952f070008996daca4ca9a111d42108e9d0
To: 0x000000000000000000000000000000000000dead
Amount of 2 SupaCoins, Timestamp: 1657720048596
Txn: be1980e2955b790355c0c45db991490fd4a5d88ca637924dd1616ada5ee847d1
Sent from: 04111d6a45ac1fb90508907a7abcd6877649df662f3b3e2741302df6f78416824a0696911c478eaffbb90d48dbff065952f070008996daca4ca9a111d42108e9d0
To: 04b8f552c4a991a5dfbee766647d1ccf5812a177e7a2d742debc61219e435ea9af1936602d4679f532ff64891ab611be5ed491bc9619bd21e07748bdd80e86843e
Amount of 1 SupaCoins, Timestamp: 1657720048597
Txn: edd210e3f571c9c35e36aefd05652b6d4a0432a42894953eca245b6aa4339fe8
Sent from: 04111d6a45ac1fb90508907a7abcd6877649df662f3b3e2741302df6f78416824a0696911c478eaffbb90d48dbff065952f070008996daca4ca9a111d42108e9d0
To: 0x000000000000000000000000000000000000dead
Amount of 2 SupaCoins, Timestamp: 1657720048600